Copyright 1986-2021 Xilinx, Inc. All Rights Reserved.
------------------------------------------------------------------------------------
| Tool Version : Vivado v.2021.1 (win64) Build 3247384 Thu Jun 10 19:36:33 MDT 2021
| Date         : Fri Dec  3 21:05:10 2021
| Host         : DESKTOP-BRVJ4VJ running 64-bit major release  (build 9200)
| Command      : upgrade_ip
| Device       : xc7z020clg484-1
------------------------------------------------------------------------------------

Upgrade Log for IP 'design_1_accelerator_0_0'

1. Summary
----------

SUCCESS in the upgrade of design_1_accelerator_0_0 (ufl.edu:user:accelerator:1.0) from (Rev. 2) to (Rev. 3)






Copyright 1986-2021 Xilinx, Inc. All Rights Reserved.
------------------------------------------------------------------------------------
| Tool Version : Vivado v.2021.1 (win64) Build 3247384 Thu Jun 10 19:36:33 MDT 2021
| Date         : Fri Dec  3 20:06:51 2021
| Host         : DESKTOP-BRVJ4VJ running 64-bit major release  (build 9200)
| Command      : upgrade_ip
| Device       : xc7z020clg484-1
------------------------------------------------------------------------------------

Upgrade Log for IP 'design_1_accelerator_0_0'

1. Summary
----------

SUCCESS in the upgrade of design_1_accelerator_0_0 (ufl.edu:user:accelerator:1.0) from (Rev. 1) to (Rev. 2)

